<?xml version="1.0" encoding="UTF-8"?>
<!-- Generated by org.testng.reporters.JUnitReportReporter -->
<testsuite skipped="0" hostname="LAPTOP-O63BD39D" name="com.selenium.testcases.BankManagerLoginTest" tests="1" failures="0" timestamp="2020-05-16T11:50:34 IST" time="3.484" errors="0">
  <testcase name="loginAsBankManager" time="3.484" classname="com.selenium.testcases.BankManagerLoginTest"/>
  <system-out/>
</testsuite> <!-- com.selenium.testcases.BankManagerLoginTest -->
