<?xml version="1.0" encoding="UTF-8"?>
<!-- Generated by org.testng.reporters.JUnitReportReporter -->
<testsuite skipped="0" hostname="LAPTOP-O63BD39D" name="com.selenium.testcases.AddCustomerTest" tests="1" failures="0" timestamp="2020-05-16T11:50:34 IST" time="1.190" errors="0">
  <testcase name="addCustomer" time="1.190" classname="com.selenium.testcases.AddCustomerTest"/>
  <system-out>
Customer Added successfully <a target="_blank"href="C:\Ajay\Selenium\TestNGLearning\screenshots\sample.jpg">Screenshot</a>  </system-out>
</testsuite> <!-- com.selenium.testcases.AddCustomerTest -->
