<?xml version="1.0" encoding="UTF-8"?>
<!-- Generated by org.testng.reporters.JUnitReportReporter -->
<testsuite skipped="0" hostname="LAPTOP-O63BD39D" name="com.selenium.testcases.LoginTest" tests="1" failures="0" timestamp="2020-05-10T17:04:52 IST" time="3.262" errors="0">
  <testcase name="loginAsBankManager" time="3.262" classname="com.selenium.testcases.LoginTest"/>
  <system-out/>
</testsuite> <!-- com.selenium.testcases.LoginTest -->
