<?xml version="1.0" encoding="UTF-8"?>
<!-- Generated by org.testng.reporters.JUnitReportReporter -->
<testsuite skipped="0" hostname="LAPTOP-O63BD39D" name="com.selenium.testcases.AddCustomerTest" tests="1" failures="0" timestamp="23 May 2020 07:15:47 GMT" time="1.755" errors="0">
  <testcase name="addCustomer" time="1.755" classname="com.selenium.testcases.AddCustomerTest"/>
</testsuite> <!-- com.selenium.testcases.AddCustomerTest -->
