<?xml version="1.0" encoding="UTF-8"?>
<!-- Generated by org.testng.reporters.JUnitReportReporter -->
<testsuite skipped="0" hostname="LAPTOP-O63BD39D" name="com.selenium.testcases.BankManagerLoginTest" tests="1" failures="0" timestamp="23 May 2020 07:15:47 GMT" time="3.247" errors="0">
  <testcase name="loginAsBankManager" time="3.247" classname="com.selenium.testcases.BankManagerLoginTest"/>
</testsuite> <!-- com.selenium.testcases.BankManagerLoginTest -->
