<?xml version="1.0" encoding="UTF-8"?>
<!-- Generated by org.testng.reporters.JUnitReportReporter -->
<testsuite skipped="0" hostname="LAPTOP-O63BD39D" name="com.selenium.testcases.OpenAccount" tests="1" failures="0" timestamp="23 May 2020 07:15:47 GMT" time="2.982" errors="0">
  <testcase name="openAccountTest" time="2.982" classname="com.selenium.testcases.OpenAccount"/>
</testsuite> <!-- com.selenium.testcases.OpenAccount -->
